[00:00:10] [Server thread/INFO]: fakhinho has made the advancement [We Need to Go Deeper]
[00:00:10] [Server thread/WARN]: Can't keep up! Is the server overloaded? Running 6607ms or 132 ticks behind
[00:00:13] [Server thread/INFO]: D4rkG has made the advancement [We Need to Go Deeper]
[00:00:13] [Server thread/INFO]: tourist has made the advancement [We Need to Go Deeper]
[00:00:47] [Server thread/INFO]: D4rkG tried to swim in lava
[00:05:43] [Server thread/INFO]: <D4rkG> zzzzzzzzzzzzzzz
[00:05:48] [Server thread/INFO]: <fakhinho> zzzzzzZZZZzZZZ
[00:18:00] [Server thread/INFO]: [tourist: Teleported tourist to fakhinho]
[00:20:05] [Server thread/INFO]: D4rkG was slain by Zombie
[00:21:33] [Server thread/INFO]: D4rkG was slain by Spider
[00:21:35] [Server thread/WARN]: D4rkG moved too quickly! 9.094240563955566,6.000000200000002,78.9051276147921
[00:22:39] [Server thread/INFO]: [tourist: Teleported tourist to fakhinho]
[00:23:10] [Server thread/INFO]: [tourist: Teleported tourist to fakhinho]
[00:23:10] [Server thread/WARN]: tourist moved too quickly! 29.570913666561992,19.121600046157837,9.893157901003384
[00:23:50] [Server thread/WARN]: Fetching packet for removed entity atx['Clay'/24821, l='world', x=386.09, y=65.00, z=-365.91]
[00:33:05] [Server thread/INFO]: tourist lost connection: Disconnected
[00:33:05] [Server thread/INFO]: tourist left the game
[00:33:50] [Server thread/INFO]: fakhinho lost connection: Disconnected
[00:33:50] [Server thread/INFO]: fakhinho left the game
[00:34:19] [Server thread/INFO]: D4rkG lost connection: Disconnected
[00:34:19] [Server thread/INFO]: D4rkG left the game
[00:35:42] [Server thread/INFO]: Stopping the server
[00:35:42] [Server thread/INFO]: Stopping server
[00:35:42] [Server thread/INFO]: Saving players
[00:35:42] [Server thread/INFO]: Saving worlds
[00:35:42] [Server thread/INFO]: Saving chunks for level 'world'/minecraft:the_nether
[00:35:42] [Server thread/INFO]: ThreadedAnvilChunkStorage (DIM-1): All chunks are saved
[00:35:42] [Server thread/INFO]: Saving chunks for level 'world'/minecraft:overworld
[00:35:43] [Server thread/INFO]: ThreadedAnvilChunkStorage (world): All chunks are saved
[00:35:43] [Server thread/INFO]: Saving chunks for level 'world'/minecraft:the_end
[00:35:43] [Server thread/INFO]: ThreadedAnvilChunkStorage (DIM1): All chunks are saved
[00:35:43] [Server thread/INFO]: ThreadedAnvilChunkStorage (DIM-1): All chunks are saved
[00:35:43] [Server thread/INFO]: ThreadedAnvilChunkStorage (world): All chunks are saved
[00:35:43] [Server thread/INFO]: ThreadedAnvilChunkStorage (DIM1): All chunks are saved
